
Showing logs for build [32mbigon-go-demo-6-pr-2-serverless-gw688-2[0m stage [32mfrom-build-pack[0m and container [32mstep-credential-initializer-xwp2m[0m
{"level":"warn","ts":1580395075.330949,"logger":"fallback-logger","caller":"logging/config.go:69","msg":"Fetch GitHub commit ID from kodata failed: \"ref: refs/heads/0.8.0-**-support-backwards-incompats\" is not a valid GitHub commit ID"}
{"level":"info","ts":1580395075.331256,"logger":"fallback-logger","caller":"creds-init/main.go:40","msg":"Credentials initialized."}

Showing logs for build [32mbigon-go-demo-6-pr-2-serverless-gw688-2[0m stage [32mfrom-build-pack[0m and container [32mstep-working-dir-initializer-9ngc2[0m
{"level":"warn","ts":1580395076.291255,"logger":"fallback-logger","caller":"logging/config.go:69","msg":"Fetch GitHub commit ID from kodata failed: open /var/run/ko/HEAD: no such file or directory"}
{"level":"info","ts":1580395076.2956991,"logger":"fallback-logger","caller":"bash/main.go:64","msg":"Successfully executed command \"sh -c mkdir -p /workspace/source\"; output "}

Showing logs for build [32mbigon-go-demo-6-pr-2-serverless-gw688-2[0m stage [32mfrom-build-pack[0m and container [32mstep-place-tools[0m

Showing logs for build [32mbigon-go-demo-6-pr-2-serverless-gw688-2[0m stage [32mfrom-build-pack[0m and container [32mstep-git-source-bigon-go-demo-6-pr-2-serverless-gw688-8cscw[0m
{"level":"warn","ts":1580395082.3926735,"logger":"fallback-logger","caller":"logging/config.go:69","msg":"Fetch GitHub commit ID from kodata failed: \"ref: refs/heads/0.8.0-**-support-backwards-incompats\" is not a valid GitHub commit ID"}
{"level":"info","ts":1580395084.5321681,"logger":"fallback-logger","caller":"git/git.go:103","msg":"Successfully cloned https://github.com/*****/go-demo-6.git @ master in path /workspace/source"}

Showing logs for build [32mbigon-go-demo-6-pr-2-serverless-gw688-2[0m stage [32mfrom-build-pack[0m and container [32mstep-git-merge[0m
Using SHAs from PULL_REFS=master:1d781f89990d45d5921719dd2d0d2b2233618865,2:cfd3777cabbd91479e7480d0d35a352e6e709c79
DEBUG: LC_ALL=C JX_LOG_LEVEL=error git fetch origin --unshallow cfd3777cabbd91479e7480d0d35a352e6e709c79: 1d781f89990d45d5921719dd2d0d2b2233618865:
DEBUG: ran git fetch --unshallow origin cfd3777cabbd91479e7480d0d35a352e6e709c79: 1d781f89990d45d5921719dd2d0d2b2233618865: in 
DEBUG: LC_ALL=C JX_LOG_LEVEL=error git branch
DEBUG: LC_ALL=C JX_LOG_LEVEL=error git checkout master
DEBUG: ran git checkout master in 
DEBUG: JX_LOG_LEVEL=error LC_ALL=C git reset --hard 1d781f89990d45d5921719dd2d0d2b2233618865
DEBUG: ran git reset --hard 1d781f89990d45d5921719dd2d0d2b2233618865 in 
DEBUG: LC_ALL=C JX_LOG_LEVEL=error git clean -fd .
DEBUG: ran clean --force -d . in 
DEBUG: LC_ALL=C JX_LOG_LEVEL=error git merge cfd3777cabbd91479e7480d0d35a352e6e709c79
DEBUG: ran git merge cfd3777cabbd91479e7480d0d35a352e6e709c79 in 
DEBUG: LC_ALL=C JX_LOG_LEVEL=error git log --format=%H%x1f%an%x1f%ae%x1f%cn%x1f%ce%x1f%s%n%b%x1e 1d781f89990d45d5921719dd2d0d2b2233618865..HEAD
Merged SHA cfd3777cabbd91479e7480d0d35a352e6e709c79 with commit message 'Trying to extend the pipeline' into base branch master
Merged SHA 7fbce92a900436165170f686c5d557a5735222d3 with commit message 'Trying to extend the pipeline' into base branch master

Showing logs for build [32mbigon-go-demo-6-pr-2-serverless-gw688-2[0m stage [32mfrom-build-pack[0m and container [32mstep-build-step2[0m
go: finding github.com/stretchr/testify v1.2.2
go: finding github.com/beorn7/perks v0.0.0-20180321164747-3a771d992973
go: finding github.com/stretchr/ob** v0.1.1
go: finding github.com/matttproud/golang_protobuf_extensions v1.0.1
go: finding github.com/pmezard/go-difflib v1.0.0
go: finding github.com/prometheus/client_model v0.0.0-20180712105110-5c3871d89910
go: finding github.com/golang/protobuf v1.2.0
go: finding github.com/davecgh/go-spew v1.1.1
go: finding github.com/prometheus/client_golang v0.9.2
go: finding gopkg.in/mgo.v2 v2.0.0-20180705113604-9856a29383ce
go: finding github.com/prometheus/common v0.0.0-20181126121408-4724e9255275
go: finding github.com/prometheus/procfs v0.0.0-20181204211112-1dc9a6cbc91a
go: finding golang.org/x/sync v0.0.0-20181108010431-42b317875d0f
go: finding golang.org/x/net v0.0.0-20181201002055-351d144fa1fc
go: downloading gopkg.in/mgo.v2 v2.0.0-20180705113604-9856a29383ce
go: downloading github.com/prometheus/client_golang v0.9.2
go: extracting github.com/prometheus/client_golang v0.9.2
go: downloading github.com/prometheus/procfs v0.0.0-20181204211112-1dc9a6cbc91a
go: downloading github.com/prometheus/client_model v0.0.0-20180712105110-5c3871d89910
go: downloading github.com/beorn7/perks v0.0.0-20180321164747-3a771d992973
go: downloading github.com/prometheus/common v0.0.0-20181126121408-4724e9255275
go: downloading github.com/golang/protobuf v1.2.0
go: extracting github.com/beorn7/perks v0.0.0-20180321164747-3a771d992973
go: extracting github.com/prometheus/client_model v0.0.0-20180712105110-5c3871d89910
go: extracting github.com/prometheus/procfs v0.0.0-20181204211112-1dc9a6cbc91a
go: extracting github.com/prometheus/common v0.0.0-20181126121408-4724e9255275
go: extracting gopkg.in/mgo.v2 v2.0.0-20180705113604-9856a29383ce
go: downloading github.com/matttproud/golang_protobuf_extensions v1.0.1
go: extracting github.com/matttproud/golang_protobuf_extensions v1.0.1
go: extracting github.com/golang/protobuf v1.2.0
CGO_ENABLED=0 GO15VENDOREXPERIMENT=1 go \
test --run UnitTest -v
go: downloading github.com/stretchr/testify v1.2.2
go: extracting github.com/stretchr/testify v1.2.2
go: downloading github.com/pmezard/go-difflib v1.0.0
go: downloading github.com/stretchr/ob** v0.1.1
go: downloading github.com/davecgh/go-spew v1.1.1
go: extracting github.com/pmezard/go-difflib v1.0.0
go: extracting github.com/davecgh/go-spew v1.1.1
go: extracting github.com/stretchr/ob** v0.1.1
=== RUN   TestMainUnitTestSuite
=== RUN   TestMainUnitTestSuite/Test_HelloServer_Waits_WhenDelayIsPresent
=== RUN   TestMainUnitTestSuite/Test_HelloServer_WritesHelloWorld
=== RUN   TestMainUnitTestSuite/Test_HelloServer_WritesNokEventually
=== RUN   TestMainUnitTestSuite/Test_HelloServer_WritesOk
=== RUN   TestMainUnitTestSuite/Test_PersonServer_InvokesUpsertId_WhenPutPerson
=== RUN   TestMainUnitTestSuite/Test_PersonServer_Panics_WhenFindReturnsError
=== RUN   TestMainUnitTestSuite/Test_PersonServer_Panics_WhenUpsertIdReturnsError
=== RUN   TestMainUnitTestSuite/Test_PersonServer_WritesPeople
=== RUN   TestMainUnitTestSuite/Test_RunServer_InvokesListenAndServe
=== RUN   TestMainUnitTestSuite/Test_SetupMetrics_InitializesHistogram
--- PASS: TestMainUnitTestSuite (0.01s)
    --- PASS: TestMainUnitTestSuite/Test_HelloServer_Waits_WhenDelayIsPresent (0.00s)
    --- PASS: TestMainUnitTestSuite/Test_HelloServer_WritesHelloWorld (0.00s)
    --- PASS: TestMainUnitTestSuite/Test_HelloServer_WritesNokEventually (0.00s)
    --- PASS: TestMainUnitTestSuite/Test_HelloServer_WritesOk (0.00s)
    --- PASS: TestMainUnitTestSuite/Test_PersonServer_InvokesUpsertId_WhenPutPerson (0.00s)
    --- PASS: TestMainUnitTestSuite/Test_PersonServer_Panics_WhenFindReturnsError (0.00s)
    --- PASS: TestMainUnitTestSuite/Test_PersonServer_Panics_WhenUpsertIdReturnsError (0.00s)
    --- PASS: TestMainUnitTestSuite/Test_PersonServer_WritesPeople (0.00s)
    --- PASS: TestMainUnitTestSuite/Test_RunServer_InvokesListenAndServe (0.00s)
    --- PASS: TestMainUnitTestSuite/Test_SetupMetrics_InitializesHistogram (0.00s)
PASS
ok  	go-demo-6	0.009s

Showing logs for build [32mbigon-go-demo-6-pr-2-serverless-gw688-2[0m stage [32mfrom-build-pack[0m and container [32mstep-build-make-linux[0m
CGO_ENABLED=0 GOOS=linux GOARCH=amd64 GO15VENDOREXPERIMENT=1 go build -ldflags '' -o bin/go-demo-6 main.go

Showing logs for build [32mbigon-go-demo-6-pr-2-serverless-gw688-2[0m stage [32mfrom-build-pack[0m and container [32mstep-build-container-build[0m
[36mINFO[0m[0000] No base image, nothing to extract            
[36mINFO[0m[0000] cmd: EXPOSE                                  
[36mINFO[0m[0000] Adding exposed port: 8080/tcp                
[36mINFO[0m[0000] Using files from context: [/workspace/source/bin] 
[36mINFO[0m[0000] Skipping unpacking as no commands require it. 
[36mINFO[0m[0000] Taking snapshot of full filesystem...        
[36mINFO[0m[0000] EXPOSE 8080                                  
[36mINFO[0m[0000] cmd: EXPOSE                                  
[36mINFO[0m[0000] Adding exposed port: 8080/tcp                
[36mINFO[0m[0000] No files changed in this command, skipping snapshotting. 
[36mINFO[0m[0000] ENTRYPOINT ["/go-demo-6"]                    
[36mINFO[0m[0000] No files changed in this command, skipping snapshotting. 
[36mINFO[0m[0000] Using files from context: [/workspace/source/bin] 
[36mINFO[0m[0000] COPY ./bin/ /                                
[36mINFO[0m[0000] Taking snapshot of files...                  
2020/01/30 14:38:46 pushed blob: sha256:4ddd4431203aeea42cb5bcd1deb6a36c620eb01a9ddf2f88d78ecb46601f1e12
2020/01/30 14:38:46 pushed blob: sha256:1b60fb092ee6b24941504046cda04c42216c9e8c103a5450563647186876ab57
2020/01/30 14:38:47 068688312582.dkr.ecr.eu-west-1.amazonaws.com/*****/go-demo-6:0.0.0-SNAPSHOT-PR-2-2: digest: sha256:018b700de9d2a803d34ce7d7a1b0bb5a018560769ebbbb1e361f344fbb800554 size: 428

Showing logs for build [32mbigon-go-demo-6-pr-2-serverless-gw688-2[0m stage [32mfrom-build-pack[0m and container [32mstep-postbuild-post-build[0m
no CVE provider running in the current ** namespace so skip adding image to be analysed

Showing logs for build [32mbigon-go-demo-6-pr-2-serverless-gw688-2[0m stage [32mfrom-build-pack[0m and container [32mstep-promote-make-preview[0m
sed -i -e "s/version:.*/version: 0.0.0-SNAPSHOT-PR-2-2/" Chart.yaml
sed -i -e "s/version:.*/version: 0.0.0-SNAPSHOT-PR-2-2/" ../*/Chart.yaml
sed -i -e "s|repository:.*|repository: 068688312582.dkr.ecr.eu-west-1.amazonaws.com\/*****\/go-demo-6|" values.yaml
sed -i -e "s/tag:.*/tag: 0.0.0-SNAPSHOT-PR-2-2/" values.yaml
echo "  version: 0.0.0-SNAPSHOT-PR-2-2" >> requirements.yaml
** step helm build
WARNING: No $CHART_REPOSITORY defined so using the default value of: http://jenkins-x-chartmuseum:8080
Adding missing Helm repo: storage.googleapis.com https://storage.googleapis.com/chartmuseum.jenkins-x.io
Successfully added Helm repository storage.googleapis.com.
Adding missing Helm repo: jenkins-x-chartmuseum http://jenkins-x-chartmuseum:8080
Successfully added Helm repository jenkins-x-chartmuseum.
WARNING: No $CHART_REPOSITORY defined so using the default value of: http://jenkins-x-chartmuseum:8080
Adding missing Helm repo: chartmuseum.jenkins-x.io http://chartmuseum.jenkins-x.io
Successfully added Helm repository chartmuseum.jenkins-x.io.

Showing logs for build [32mbigon-go-demo-6-pr-2-serverless-gw688-2[0m stage [32mfrom-build-pack[0m and container [32mstep-promote-jx-preview[0m
Creating a preview
Found commit author match for: ***** with email address: *****@*****.be
expose:
  Annotations:
    helm.sh/hook: post-install,post-upgrade
    helm.sh/hook-delete-policy: hook-succeeded
  config:
    domain: 34.243.79.226.nip.io
    exposer: Ingress
    http: "true"
preview:
  image:
    repository: 068688312582.dkr.ecr.eu-west-1.amazonaws.com/*****/go-demo-6
    tag: 0.0.0-SNAPSHOT-PR-2-2
Cloning the Jenkins X versions repo https://github.com/jenkins-x/jenkins-x-versions.git with ref refs/heads/master to /builder/home/.**/jenkins-x-versions

Updating PipelineActivities *****-go-demo-6-pr-2-2 which has status Running
Preview application is now available at: http://go-demo-6.**-*****-go-demo-6-pr-2.34.243.79.226.nip.io

Showing logs for build [32mbigon-go-demo-6-pr-2-serverless-gw688-2[0m stage [32mfrom-build-pack[0m and container [32mstep-promote-step8[0m
CGO_ENABLED=0 GO15VENDOREXPERIMENT=1 go test -test.v --run FunctionalTest --cover
=== RUN   TestFunctionalTestSuite
=== RUN   TestFunctionalTestSuite/Test_Hello_ReturnsStatus200
2020/01/30 14:39:40 Sending a request to http://go-demo-6.**-*****-go-demo-6-pr-2.34.243.79.226.nip.io/demo/hello
=== RUN   TestFunctionalTestSuite/Test_Person_ReturnsStatus200
2020/01/30 14:39:40 Sending a request to http://go-demo-6.**-*****-go-demo-6-pr-2.34.243.79.226.nip.io/demo/person
--- PASS: TestFunctionalTestSuite (0.01s)
    --- PASS: TestFunctionalTestSuite/Test_Hello_ReturnsStatus200 (0.01s)
    --- PASS: TestFunctionalTestSuite/Test_Person_ReturnsStatus200 (0.01s)
PASS
coverage: 1.4% of statements
ok  	go-demo-6	0.016s
