
Showing logs for build [32mbigon-go-demo-6-pr-1-serverless-rrl4k-1[0m stage [32mfrom-build-pack[0m and container [32mstep-credential-initializer-2zx6g[0m
{"level":"warn","ts":1580383768.0193377,"logger":"fallback-logger","caller":"logging/config.go:69","msg":"Fetch GitHub commit ID from kodata failed: \"ref: refs/heads/0.8.0-**-support-backwards-incompats\" is not a valid GitHub commit ID"}
{"level":"info","ts":1580383768.0196524,"logger":"fallback-logger","caller":"creds-init/main.go:40","msg":"Credentials initialized."}

Showing logs for build [32mbigon-go-demo-6-pr-1-serverless-rrl4k-1[0m stage [32mfrom-build-pack[0m and container [32mstep-working-dir-initializer-ps9sh[0m
{"level":"warn","ts":1580383768.3138714,"logger":"fallback-logger","caller":"logging/config.go:69","msg":"Fetch GitHub commit ID from kodata failed: open /var/run/ko/HEAD: no such file or directory"}
{"level":"info","ts":1580383768.314711,"logger":"fallback-logger","caller":"bash/main.go:64","msg":"Successfully executed command \"sh -c mkdir -p /workspace/source\"; output "}

Showing logs for build [32mbigon-go-demo-6-pr-1-serverless-rrl4k-1[0m stage [32mfrom-build-pack[0m and container [32mstep-place-tools[0m

Showing logs for build [32mbigon-go-demo-6-pr-1-serverless-rrl4k-1[0m stage [32mfrom-build-pack[0m and container [32mstep-git-source-bigon-go-demo-6-pr-1-serverless-rrl4k-vmmwg[0m
{"level":"warn","ts":1580383773.352487,"logger":"fallback-logger","caller":"logging/config.go:69","msg":"Fetch GitHub commit ID from kodata failed: \"ref: refs/heads/0.8.0-**-support-backwards-incompats\" is not a valid GitHub commit ID"}
{"level":"info","ts":1580383775.103735,"logger":"fallback-logger","caller":"git/git.go:103","msg":"Successfully cloned https://github.com/*****/go-demo-6.git @ master in path /workspace/source"}

Showing logs for build [32mbigon-go-demo-6-pr-1-serverless-rrl4k-1[0m stage [32mfrom-build-pack[0m and container [32mstep-git-merge[0m
Using SHAs from PULL_REFS=master:0a354b7b5c56cfd16828fcb10ab539c18f96c5cc,1:b1b637f6e3cfc6cd34cfa07285feffe74a4352cf
DEBUG: LC_ALL=C JX_LOG_LEVEL=error git fetch origin --unshallow b1b637f6e3cfc6cd34cfa07285feffe74a4352cf: 0a354b7b5c56cfd16828fcb10ab539c18f96c5cc:
DEBUG: ran git fetch --unshallow origin b1b637f6e3cfc6cd34cfa07285feffe74a4352cf: 0a354b7b5c56cfd16828fcb10ab539c18f96c5cc: in 
DEBUG: LC_ALL=C JX_LOG_LEVEL=error git branch
DEBUG: LC_ALL=C JX_LOG_LEVEL=error git checkout master
DEBUG: ran git checkout master in 
DEBUG: LC_ALL=C JX_LOG_LEVEL=error git reset --hard 0a354b7b5c56cfd16828fcb10ab539c18f96c5cc
DEBUG: ran git reset --hard 0a354b7b5c56cfd16828fcb10ab539c18f96c5cc in 
DEBUG: LC_ALL=C JX_LOG_LEVEL=error git clean -fd .
DEBUG: ran clean --force -d . in 
DEBUG: LC_ALL=C JX_LOG_LEVEL=error git merge b1b637f6e3cfc6cd34cfa07285feffe74a4352cf
DEBUG: ran git merge b1b637f6e3cfc6cd34cfa07285feffe74a4352cf in 
DEBUG: LC_ALL=C JX_LOG_LEVEL=error git log --format=%H%x1f%an%x1f%ae%x1f%cn%x1f%ce%x1f%s%n%b%x1e 0a354b7b5c56cfd16828fcb10ab539c18f96c5cc..HEAD
Merged SHA b1b637f6e3cfc6cd34cfa07285feffe74a4352cf with commit message 'This is a PR' into base branch master
Merged SHA 23caea919facb5afb01248077cedff4da6f2c748 with commit message 'Merge branch 'master' into dev-tekton' into base branch master

Showing logs for build [32mbigon-go-demo-6-pr-1-serverless-rrl4k-1[0m stage [32mfrom-build-pack[0m and container [32mstep-build-make-linux[0m
go: finding github.com/stretchr/testify v1.2.2
go: finding github.com/matttproud/golang_protobuf_extensions v1.0.1
go: finding github.com/prometheus/client_model v0.0.0-20180712105110-5c3871d89910
go: finding github.com/stretchr/ob** v0.1.1
go: finding github.com/golang/protobuf v1.2.0
go: finding github.com/prometheus/client_golang v0.9.2
go: finding github.com/pmezard/go-difflib v1.0.0
go: finding github.com/davecgh/go-spew v1.1.1
go: finding github.com/beorn7/perks v0.0.0-20180321164747-3a771d992973
go: finding gopkg.in/mgo.v2 v2.0.0-20180705113604-9856a29383ce
go: finding github.com/prometheus/common v0.0.0-20181126121408-4724e9255275
go: finding github.com/prometheus/procfs v0.0.0-20181204211112-1dc9a6cbc91a
go: finding golang.org/x/net v0.0.0-20181201002055-351d144fa1fc
go: finding golang.org/x/sync v0.0.0-20181108010431-42b317875d0f
go: downloading gopkg.in/mgo.v2 v2.0.0-20180705113604-9856a29383ce
go: downloading github.com/prometheus/client_golang v0.9.2
go: extracting github.com/prometheus/client_golang v0.9.2
go: downloading github.com/prometheus/procfs v0.0.0-20181204211112-1dc9a6cbc91a
go: downloading github.com/beorn7/perks v0.0.0-20180321164747-3a771d992973
go: downloading github.com/prometheus/common v0.0.0-20181126121408-4724e9255275
go: downloading github.com/prometheus/client_model v0.0.0-20180712105110-5c3871d89910
go: downloading github.com/golang/protobuf v1.2.0
go: extracting github.com/beorn7/perks v0.0.0-20180321164747-3a771d992973
go: extracting github.com/prometheus/client_model v0.0.0-20180712105110-5c3871d89910
go: extracting gopkg.in/mgo.v2 v2.0.0-20180705113604-9856a29383ce
go: extracting github.com/prometheus/procfs v0.0.0-20181204211112-1dc9a6cbc91a
go: extracting github.com/prometheus/common v0.0.0-20181126121408-4724e9255275
go: downloading github.com/matttproud/golang_protobuf_extensions v1.0.1
go: extracting github.com/matttproud/golang_protobuf_extensions v1.0.1
go: extracting github.com/golang/protobuf v1.2.0
CGO_ENABLED=0 GOOS=linux GOARCH=amd64 GO15VENDOREXPERIMENT=1 go build -ldflags '' -o bin/go-demo-6 main.go

Showing logs for build [32mbigon-go-demo-6-pr-1-serverless-rrl4k-1[0m stage [32mfrom-build-pack[0m and container [32mstep-build-container-build[0m
[36mINFO[0m[0000] No base image, nothing to extract            
[36mINFO[0m[0000] cmd: EXPOSE                                  
[36mINFO[0m[0000] Adding exposed port: 8080/tcp                
[36mINFO[0m[0000] Using files from context: [/workspace/source/bin] 
[36mINFO[0m[0000] Skipping unpacking as no commands require it. 
[36mINFO[0m[0000] Taking snapshot of full filesystem...        
[36mINFO[0m[0000] EXPOSE 8080                                  
[36mINFO[0m[0000] cmd: EXPOSE                                  
[36mINFO[0m[0000] Adding exposed port: 8080/tcp                
[36mINFO[0m[0000] No files changed in this command, skipping snapshotting. 
[36mINFO[0m[0000] ENTRYPOINT ["/go-demo-6"]                    
[36mINFO[0m[0000] No files changed in this command, skipping snapshotting. 
[36mINFO[0m[0000] Using files from context: [/workspace/source/bin] 
[36mINFO[0m[0000] COPY ./bin/ /                                
[36mINFO[0m[0000] Taking snapshot of files...                  
2020/01/30 11:30:03 pushed blob: sha256:6248bc00763cadb692dbc1dcc9ed1584c6a6717a65ca63c2de7a2ee415406bec
2020/01/30 11:30:03 pushed blob: sha256:a41f5b865f0209f914c64171626a875dde6f02fba347481051286b9534025ba0
2020/01/30 11:30:03 068688312582.dkr.ecr.eu-west-1.amazonaws.com/*****/go-demo-6:0.0.0-SNAPSHOT-PR-1-1: digest: sha256:dd92e28e42ec72a0726a07a918fa772b2ac419fa07d207fb16b2c278ad14101a size: 428

Showing logs for build [32mbigon-go-demo-6-pr-1-serverless-rrl4k-1[0m stage [32mfrom-build-pack[0m and container [32mstep-postbuild-post-build[0m
no CVE provider running in the current ** namespace so skip adding image to be analysed

Showing logs for build [32mbigon-go-demo-6-pr-1-serverless-rrl4k-1[0m stage [32mfrom-build-pack[0m and container [32mstep-promote-make-preview[0m
sed -i -e "s/version:.*/version: 0.0.0-SNAPSHOT-PR-1-1/" Chart.yaml
sed -i -e "s/version:.*/version: 0.0.0-SNAPSHOT-PR-1-1/" ../*/Chart.yaml
sed -i -e "s|repository:.*|repository: 068688312582.dkr.ecr.eu-west-1.amazonaws.com\/*****\/go-demo-6|" values.yaml
sed -i -e "s/tag:.*/tag: 0.0.0-SNAPSHOT-PR-1-1/" values.yaml
echo "  version: 0.0.0-SNAPSHOT-PR-1-1" >> requirements.yaml
** step helm build
WARNING: No $CHART_REPOSITORY defined so using the default value of: http://jenkins-x-chartmuseum:8080
Adding missing Helm repo: storage.googleapis.com https://storage.googleapis.com/chartmuseum.jenkins-x.io
Successfully added Helm repository storage.googleapis.com.
Adding missing Helm repo: jenkins-x-chartmuseum http://jenkins-x-chartmuseum:8080
Successfully added Helm repository jenkins-x-chartmuseum.
WARNING: No $CHART_REPOSITORY defined so using the default value of: http://jenkins-x-chartmuseum:8080
Adding missing Helm repo: chartmuseum.jenkins-x.io http://chartmuseum.jenkins-x.io
Successfully added Helm repository chartmuseum.jenkins-x.io.

Showing logs for build [32mbigon-go-demo-6-pr-1-serverless-rrl4k-1[0m stage [32mfrom-build-pack[0m and container [32mstep-promote-jx-preview[0m
Creating a preview
Found commit author match for: ***** with email address: *****@*****.be
Created environment *****-go-demo-6-pr-1
Namespace **-*****-go-demo-6-pr-1 created 
expose:
  Annotations:
    helm.sh/hook: post-install,post-upgrade
    helm.sh/hook-delete-policy: hook-succeeded
  config:
    domain: 34.243.79.226.nip.io
    exposer: Ingress
    http: "true"
preview:
  image:
    repository: 068688312582.dkr.ecr.eu-west-1.amazonaws.com/*****/go-demo-6
    tag: 0.0.0-SNAPSHOT-PR-1-1
Cloning the Jenkins X versions repo https://github.com/jenkins-x/jenkins-x-versions.git with ref refs/heads/master to /builder/home/.**/jenkins-x-versions

Updating PipelineActivities *****-go-demo-6-pr-1-1 which has status Running
WARNING: preview application http://go-demo-6.**-*****-go-demo-6-pr-1.34.243.79.226.nip.io not available, error was 503 503 Service Temporarily Unavailable, delaying for: 1.070673276s
WARNING: preview application http://go-demo-6.**-*****-go-demo-6-pr-1.34.243.79.226.nip.io not available, error was 503 503 Service Temporarily Unavailable, delaying for: 1.195623845s
WARNING: preview application http://go-demo-6.**-*****-go-demo-6-pr-1.34.243.79.226.nip.io not available, error was 503 503 Service Temporarily Unavailable, delaying for: 3.07200378s
WARNING: preview application http://go-demo-6.**-*****-go-demo-6-pr-1.34.243.79.226.nip.io not available, error was 503 503 Service Temporarily Unavailable, delaying for: 1.783022906s
WARNING: preview application http://go-demo-6.**-*****-go-demo-6-pr-1.34.243.79.226.nip.io not available, error was 503 503 Service Temporarily Unavailable, delaying for: 7.468410696s
WARNING: preview application http://go-demo-6.**-*****-go-demo-6-pr-1.34.243.79.226.nip.io not available, error was 503 503 Service Temporarily Unavailable, delaying for: 4.245822445s
WARNING: preview application http://go-demo-6.**-*****-go-demo-6-pr-1.34.243.79.226.nip.io not available, error was 503 503 Service Temporarily Unavailable, delaying for: 7.668923244s
Preview application is now available at: http://go-demo-6.**-*****-go-demo-6-pr-1.34.243.79.226.nip.io
